<?xml version="1.0" encoding="UTF-8"?>
<testng-results skipped="0" failed="0" total="1" passed="1">
  <reporter-output>
  </reporter-output>
  <suite name="Suite" duration-ms="47" started-at="2020-02-17T06:04:52Z" finished-at="2020-02-17T06:04:52Z">
    <groups>
    </groups>
    <test name="Test" duration-ms="47" started-at="2020-02-17T06:04:52Z" finished-at="2020-02-17T06:04:52Z">
      <class name="com.automation.test.Print">
        <test-method status="PASS" signature="sumtest()[pri:0, instance:com.automation.test.Print@523884b2]" name="sumtest" duration-ms="17" started-at="2020-02-16T22:04:52Z" finished-at="2020-02-16T22:04:52Z">
          <reporter-output>
          </reporter-output>
        </test-method> <!-- sumtest -->
      </class> <!-- com.automation.test.Print -->
    </test> <!-- Test -->
  </suite> <!-- Suite -->
</testng-results>
